digraph {
	139684702790480 [label=latent1 fillcolor=lightblue shape=ellipse style=filled]
	139684702662192 [label="unnamed
intermediate" shape=ellipse style=filled]
	139684702720848 [label=mu2 fillcolor=lightblue shape=ellipse style=filled]
	139684702662288 [label="unnamed
intermediate" shape=ellipse style=filled]
	139684702790000 [label=latent2 fillcolor=lightblue shape=ellipse style=filled]
	139684702790192 [label="unnamed
intermediate" shape=ellipse style=filled]
	139684702791248 [label="unnamed
intermediate" shape=ellipse style=filled]
	139684702657136 [label="unnamed
intermediate" shape=ellipse style=filled]
	139684702790288 [label="unnamed
intermediate" shape=ellipse style=filled]
	139684846507696 [label=mu1 fillcolor=lightblue shape=ellipse style=filled]
	139684702790384 [label=return fillcolor=lightblue shape=ellipse style=filled]
	139684705417568 [label=Mul fillcolor=orange shape=rectangle style=filled]
	139684705417800 [label=Add fillcolor=orange shape=rectangle style=filled]
	139684705418496 [label=Add fillcolor=orange shape=rectangle style=filled]
	139684705418264 [label=Add fillcolor=orange shape=rectangle style=filled]
	139684705418032 [label=Mul fillcolor=orange shape=rectangle style=filled]
	139684702662288 -> 139684705417568
	139684702662192 -> 139684705417568
	139684846507696 -> 139684705417800
	139684702657136 -> 139684705417800
	139684702790480 -> 139684705418496
	139684702790000 -> 139684705418496
	139684702720848 -> 139684705418264
	139684702790192 -> 139684705418264
	139684702790288 -> 139684705418032
	139684702791248 -> 139684705418032
	139684705417568 -> 139684702657136
	139684705417800 -> 139684702790480
	139684705418496 -> 139684702790384
	139684705418264 -> 139684702790000
	139684705418032 -> 139684702790192
}
